Using pre-set license
Built from '2020.3/staging' branch; Version is '2020.3.4f1 (0abb6314276a) revision 703331'; Using compiler version '192528614'; Build Type 'Release'
OS: 'Windows 10 Home; OS build 19043.1348; Version 2009; 64bit' Language: 'en' Physical Memory: 32703 MB
BatchMode: 1, IsHumanControllingUs: 0, StartBugReporterOnCrash: 0, Is64bit: 1, IsPro: 0

 COMMAND LINE ARGUMENTS:
C:\Program Files\Unity\Hub\Editor\2020.3.4f1\Editor\Unity.exe
-adb2
-batchMode
-noUpm
-name
AssetImportWorker0
-projectPath
C:/Users/nimbl/Documents/Game Dev/Snake2000
-logFile
Logs/AssetImportWorker0.log
-srvPort
56697
Successfully changed project path to: C:/Users/nimbl/Documents/Game Dev/Snake2000
C:/Users/nimbl/Documents/Game Dev/Snake2000
Using Asset Import Pipeline V2.
Refreshing native plugins compatible for Editor in 45.50 ms, found 1 plugins.
Preloading 0 native plugins for Editor in 0.00 ms.
Initialize engine version: 2020.3.4f1 (0abb6314276a)
[Subsystems] Discovering subsystems at path C:/Program Files/Unity/Hub/Editor/2020.3.4f1/Editor/Data/Resources/UnitySubsystems
[Subsystems] Discovering subsystems at path C:/Users/nimbl/Documents/Game Dev/Snake2000/Assets
GfxDevice: creating device client; threaded=0
Direct3D:
    Version:  Direct3D 11.0 [level 11.1]
    Renderer: NVIDIA GeForce RTX 2060 SUPER (ID=0x1f06)
    Vendor:   
    VRAM:     8031 MB
    Driver:   30.0.14.9613
Initialize mono
Mono path[0] = 'C:/Program Files/Unity/Hub/Editor/2020.3.4f1/Editor/Data/Managed'
Mono path[1] = 'C:/Program Files/Unity/Hub/Editor/2020.3.4f1/Editor/Data/MonoBleedingEdge/lib/mono/unityjit'
Mono config path = 'C:/Program Files/Unity/Hub/Editor/2020.3.4f1/Editor/Data/MonoBleedingEdge/etc'
Using monoOptions --debugger-agent=transport=dt_socket,embedding=1,server=y,suspend=n,address=127.0.0.1:56820
Begin MonoManager ReloadAssembly
Registering precompiled unity dll's ...
Register platform support module: C:/Program Files/Unity/Hub/Editor/2020.3.4f1/Editor/Data/PlaybackEngines/WebGLSupport/UnityEditor.WebGL.Extensions.dll
Register platform support module: C:/Program Files/Unity/Hub/Editor/2020.3.4f1/Editor/Data/PlaybackEngines/WindowsStandaloneSupport/UnityEditor.WindowsStandalone.Extensions.dll
Registered in 0.002681 seconds.
Native extension for WindowsStandalone target not found
Native extension for WebGL target not found
Refreshing native plugins compatible for Editor in 38.65 ms, found 1 plugins.
Preloading 0 native plugins for Editor in 0.00 ms.
Mono: successfully reloaded assembly
- Completed reload, in  1.109 seconds
Platform modules already initialized, skipping
Registering precompiled user dll's ...
Registered in 0.007034 seconds.
Begin MonoManager ReloadAssembly
Native extension for WindowsStandalone target not found
Native extension for WebGL target not found
Refreshing native plugins compatible for Editor in 38.71 ms, found 1 plugins.
Preloading 0 native plugins for Editor in 0.00 ms.
Mono: successfully reloaded assembly
- Completed reload, in  1.212 seconds
Platform modules already initialized, skipping
========================================================================
Worker process is ready to serve import requests
Launched and connected shader compiler UnityShaderCompiler.exe after 0.05 seconds
Refreshing native plugins compatible for Editor in 0.54 ms, found 1 plugins.
Preloading 0 native plugins for Editor in 0.00 ms.
Unloading 2043 Unused Serialized files (Serialized files now loaded: 0)
System memory in use before: 99.4 MB.
System memory in use after: 99.5 MB.

Unloading 29 unused Assets to reduce memory usage. Loaded Objects now: 2536.
Total: 15.728800 ms (FindLiveObjects: 0.225500 ms CreateObjectMapping: 0.100100 ms MarkObjects: 15.327600 ms  DeleteObjects: 0.074100 ms)

========================================================================
Received Import Request.
  path: Assets/snake_gameplay.mp4
  artifactKey: Guid(08d242cc02e3a9148aac0d5fd6e370c0) Importer(815301076,1909f56bfc062723c751e8b465ee728b)
Start importing Assets/snake_gameplay.mp4 using Guid(08d242cc02e3a9148aac0d5fd6e370c0) Importer(815301076,1909f56bfc062723c751e8b465ee728b)  -> (artifact id: '98e1da61875e8be180a1adee2230ab0a') in 0.031487 seconds
  Import took 0.034542 seconds .

========================================================================
Received Import Request.
  Time since last request: 0.000284 seconds.
  path: Assets/VideoTexture.renderTexture
  artifactKey: Guid(773920f58c818fb418d0d8db25fab87a) Importer(815301076,1909f56bfc062723c751e8b465ee728b)
Start importing Assets/VideoTexture.renderTexture using Guid(773920f58c818fb418d0d8db25fab87a) Importer(815301076,1909f56bfc062723c751e8b465ee728b)  -> (artifact id: '42ceb0e5f1d0b6dda37fd0c779d72995') in 0.052811 seconds
  Import took 0.055633 seconds .

========================================================================
Received Import Request.
  Time since last request: 18.806327 seconds.
  path: Assets/Scenes
  artifactKey: Guid(a73342bc49ad78d4d9b60da5031e39c8) Importer(815301076,1909f56bfc062723c751e8b465ee728b)
Start importing Assets/Scenes using Guid(a73342bc49ad78d4d9b60da5031e39c8) Importer(815301076,1909f56bfc062723c751e8b465ee728b)  -> (artifact id: '1651f90c38fe58201d098d84a5811dcb') in 0.011704 seconds
  Import took 0.015408 seconds .

========================================================================
Received Import Request.
  Time since last request: 1.227605 seconds.
  path: Assets/Scenes/MainMenu.unity
  artifactKey: Guid(0423594bcc9296948b079f7e4fc88dd0) Importer(815301076,1909f56bfc062723c751e8b465ee728b)
Start importing Assets/Scenes/MainMenu.unity using Guid(0423594bcc9296948b079f7e4fc88dd0) Importer(815301076,1909f56bfc062723c751e8b465ee728b)  -> (artifact id: 'ff7440e52e668e32ff3e00b4fd2253a7') in 0.005579 seconds
  Import took 0.009377 seconds .

========================================================================
Received Import Request.
  Time since last request: 4.347730 seconds.
  path: Assets/Scenes/MainMenu_Profiles
  artifactKey: Guid(372d2d3692d4c7e47ae7609e1033732d) Importer(815301076,1909f56bfc062723c751e8b465ee728b)
Start importing Assets/Scenes/MainMenu_Profiles using Guid(372d2d3692d4c7e47ae7609e1033732d) Importer(815301076,1909f56bfc062723c751e8b465ee728b)  -> (artifact id: '6ddfb259864ea372b7ae4f8d78196a87') in 0.007217 seconds
  Import took 0.010721 seconds .

========================================================================
Received Import Request.
  Time since last request: 0.079205 seconds.
  path: Assets/Scenes/MainMenu_Profiles/PostProcess_Videoblur.asset
  artifactKey: Guid(572731cc74e3a554d9a95420b34134f0) Importer(815301076,1909f56bfc062723c751e8b465ee728b)
Start importing Assets/Scenes/MainMenu_Profiles/PostProcess_Videoblur.asset using Guid(572731cc74e3a554d9a95420b34134f0) Importer(815301076,1909f56bfc062723c751e8b465ee728b)  -> (artifact id: '1764d153bb262b7426cae76cff3f1456') in 0.017049 seconds
  Import took 0.020442 seconds .

========================================================================
Received Import Request.
  Time since last request: 1.876550 seconds.
  path: Assets/Scenes/Snake_Profiles
  artifactKey: Guid(e7af19a5b5423e346bdf05bbea2367cb) Importer(815301076,1909f56bfc062723c751e8b465ee728b)
Start importing Assets/Scenes/Snake_Profiles using Guid(e7af19a5b5423e346bdf05bbea2367cb) Importer(815301076,1909f56bfc062723c751e8b465ee728b)  -> (artifact id: 'f6d2e12cf71a9499d263299be91cef98') in 0.004714 seconds
  Import took 0.008301 seconds .

========================================================================
Received Import Request.
  Time since last request: 0.072869 seconds.
  path: Assets/Scenes/Snake_Profiles/PostProcess Profile.asset
  artifactKey: Guid(56c0ac40fe853604ab2848cd993310c1) Importer(815301076,1909f56bfc062723c751e8b465ee728b)
Start importing Assets/Scenes/Snake_Profiles/PostProcess Profile.asset using Guid(56c0ac40fe853604ab2848cd993310c1) Importer(815301076,1909f56bfc062723c751e8b465ee728b)  -> (artifact id: '075c46c536262b4f8a56c2680be2533b') in 0.005590 seconds
  Import took 0.008731 seconds .

========================================================================
Received Import Request.
  Time since last request: 0.000186 seconds.
  path: Assets/Scenes/Snake_Profiles/PostProcess_UIBlur.asset
  artifactKey: Guid(75a2d6683fa5bbe4fb424e8bde314047) Importer(815301076,1909f56bfc062723c751e8b465ee728b)
Start importing Assets/Scenes/Snake_Profiles/PostProcess_UIBlur.asset using Guid(75a2d6683fa5bbe4fb424e8bde314047) Importer(815301076,1909f56bfc062723c751e8b465ee728b)  -> (artifact id: 'b30ee25547aae9e7a9731fadb2abdfff') in 0.008495 seconds
  Import took 0.011617 seconds .

========================================================================
Received Import Request.
  Time since last request: 1.927678 seconds.
  path: Assets/Scenes/Snake.unity
  artifactKey: Guid(2cda990e2423bbf4892e6590ba056729) Importer(815301076,1909f56bfc062723c751e8b465ee728b)
Start importing Assets/Scenes/Snake.unity using Guid(2cda990e2423bbf4892e6590ba056729) Importer(815301076,1909f56bfc062723c751e8b465ee728b)  -> (artifact id: '3c5feb15faf809378fd9a400c63b6b98') in 0.008896 seconds
  Import took 0.013239 seconds .

========================================================================
Received Import Request.
  Time since last request: 0.000556 seconds.
  path: Assets/Scenes/Snake.unity
  artifactKey: Guid(2cda990e2423bbf4892e6590ba056729) Importer(815301076,1909f56bfc062723c751e8b465ee728b)
Start importing Assets/Scenes/Snake.unity using Guid(2cda990e2423bbf4892e6590ba056729) Importer(815301076,1909f56bfc062723c751e8b465ee728b)  -> (artifact id: '3c5feb15faf809378fd9a400c63b6b98') in 0.005317 seconds
  Import took 0.009376 seconds .

========================================================================
Received Prepare
Registering precompiled user dll's ...
Registered in 0.006937 seconds.
Begin MonoManager ReloadAssembly
Native extension for WindowsStandalone target not found
Native extension for WebGL target not found
Refreshing native plugins compatible for Editor in 0.48 ms, found 1 plugins.
Preloading 0 native plugins for Editor in 0.00 ms.
Mono: successfully reloaded assembly
- Completed reload, in  1.088 seconds
Platform modules already initialized, skipping
Refreshing native plugins compatible for Editor in 0.44 ms, found 1 plugins.
Preloading 0 native plugins for Editor in 0.00 ms.
Unloading 1988 Unused Serialized files (Serialized files now loaded: 0)
System memory in use before: 97.5 MB.
System memory in use after: 97.6 MB.

Unloading 17 unused Assets to reduce memory usage. Loaded Objects now: 2545.
Total: 16.748800 ms (FindLiveObjects: 0.223900 ms CreateObjectMapping: 0.087400 ms MarkObjects: 16.413700 ms  DeleteObjects: 0.021900 ms)

========================================================================
Received Prepare
Registering precompiled user dll's ...
Registered in 0.006701 seconds.
Begin MonoManager ReloadAssembly
Native extension for WindowsStandalone target not found
Native extension for WebGL target not found
Refreshing native plugins compatible for Editor in 0.52 ms, found 1 plugins.
Preloading 0 native plugins for Editor in 0.00 ms.
Mono: successfully reloaded assembly
- Completed reload, in  1.063 seconds
Platform modules already initialized, skipping
Refreshing native plugins compatible for Editor in 0.44 ms, found 1 plugins.
Preloading 0 native plugins for Editor in 0.00 ms.
Unloading 1988 Unused Serialized files (Serialized files now loaded: 0)
System memory in use before: 97.5 MB.
System memory in use after: 97.6 MB.

Unloading 17 unused Assets to reduce memory usage. Loaded Objects now: 2549.
Total: 16.799900 ms (FindLiveObjects: 0.193700 ms CreateObjectMapping: 0.075100 ms MarkObjects: 16.506900 ms  DeleteObjects: 0.022800 ms)

AssetImportWorkerClient::OnTransportError - code=2 error=End of file
